<?xml version="1.0" encoding="UTF-8"?>
<!-- Generated by org.testng.reporters.JUnitReportReporter -->
<testsuite skipped="0" hostname="DESKTOP-6R4TCBS" name="RestApiUsingRestAssured.RestApiRestAssured.UsingGiven" tests="2" failures="0" timestamp="14 May 2019 17:01:25 GMT" time="5.544" errors="0">
  <testcase name="VerifyCityInJsonResponse" time="2.024" classname="RestApiUsingRestAssured.RestApiRestAssured.UsingGiven"/>
  <testcase name="GetWeatherDetails" time="3.520" classname="RestApiUsingRestAssured.RestApiRestAssured.UsingGiven"/>
</testsuite> <!-- RestApiUsingRestAssured.RestApiRestAssured.UsingGiven -->
