<?xml version="1.0" encoding="UTF-8"?>
<!-- Generated by org.testng.reporters.JUnitReportReporter -->
<testsuite skipped="0" hostname="DESKTOP-6R4TCBS" name="RestApiUsingRestAssured.RestApiRestAssured.APIBasics" tests="1" failures="0" timestamp="20 Jul 2019 10:38:52 GMT" time="5.046" errors="0">
  <testcase name="getListOfUsers" time="5.046" classname="RestApiUsingRestAssured.RestApiRestAssured.APIBasics"/>
</testsuite> <!-- RestApiUsingRestAssured.RestApiRestAssured.APIBasics -->
