<?xml version="1.0" encoding="UTF-8"?>
<!-- Generated by org.testng.reporters.JUnitReportReporter -->
<testsuite skipped="0" hostname="DESKTOP-6R4TCBS" name="RestApiUsingRestAssured.RestApiRestAssured.AppTest" tests="1" failures="0" timestamp="14 May 2019 17:01:48 GMT" time="4.622" errors="0">
  <testcase name="RegistrationSuccessful" time="4.622" classname="RestApiUsingRestAssured.RestApiRestAssured.AppTest"/>
</testsuite> <!-- RestApiUsingRestAssured.RestApiRestAssured.AppTest -->
